<?xml version="1.0" encoding="UTF-8"?>
<testng-results ignored="0" total="1" passed="1" failed="0" skipped="0">
  <reporter-output>
    <line>
      <![CDATA[actual & expected maching Tc is passed]]>
    </line>
    <line>
      <![CDATA[Congratulataion TC is passed = validateUsername]]>
    </line>
  </reporter-output>
  <suite started-at="2022-07-05T13:22:24 IST" name="Default suite" finished-at="2022-07-05T13:23:03 IST" duration-ms="39113">
    <groups>
    </groups>
    <test started-at="2022-07-05T13:22:24 IST" name="Default test" finished-at="2022-07-05T13:23:03 IST" duration-ms="39113">
      <class name="Kite_test.Validate_kite_UserId">
        <test-method is-config="true" signature="LaunchBrowser()[pri:0, instance:Kite_test.Validate_kite_UserId@21e360a]" started-at="2022-07-05T13:22:24 IST" name="LaunchBrowser" finished-at="2022-07-05T13:22:49 IST" duration-ms="24786" status="PASS">
          <reporter-output>
          </reporter-output>
        </test-method> <!-- LaunchBrowser -->
        <test-method is-config="true" signature="loginToKiteapp()[pri:0, instance:Kite_test.Validate_kite_UserId@21e360a]" started-at="2022-07-05T13:22:49 IST" name="loginToKiteapp" finished-at="2022-07-05T13:22:50 IST" duration-ms="1558" status="PASS">
          <reporter-output>
          </reporter-output>
        </test-method> <!-- loginToKiteapp -->
        <test-method signature="validateUsername()[pri:0, instance:Kite_test.Validate_kite_UserId@21e360a]" started-at="2022-07-05T13:22:50 IST" name="validateUsername" finished-at="2022-07-05T13:23:00 IST" duration-ms="9468" status="PASS">
          <reporter-output>
            <line>
              <![CDATA[actual & expected maching Tc is passed]]>
            </line>
            <line>
              <![CDATA[Congratulataion TC is passed = validateUsername]]>
            </line>
          </reporter-output>
        </test-method> <!-- validateUsername -->
        <test-method is-config="true" signature="logoutKiteapp()[pri:0, instance:Kite_test.Validate_kite_UserId@21e360a]" started-at="2022-07-05T13:23:00 IST" name="logoutKiteapp" finished-at="2022-07-05T13:23:03 IST" duration-ms="2606" status="PASS">
          <reporter-output>
          </reporter-output>
        </test-method> <!-- logoutKiteapp -->
        <test-method is-config="true" signature="closeBrowser()[pri:0, instance:Kite_test.Validate_kite_UserId@21e360a]" started-at="2022-07-05T13:23:03 IST" name="closeBrowser" finished-at="2022-07-05T13:23:03 IST" duration-ms="598" status="PASS">
          <reporter-output>
          </reporter-output>
        </test-method> <!-- closeBrowser -->
      </class> <!-- Kite_test.Validate_kite_UserId -->
    </test> <!-- Default test -->
  </suite> <!-- Default suite -->
</testng-results>
